-50
-50
-50
-49
-49
-49
-49
-49
-49
-49
-48
-48
-48
-48
-48
-48
-48
-48
-47
-47
-47
-47
-47
-47
-47
-47
-47
-46
-46
-46
-46
-46
-45
-45
-45
-45
-45
-45
-45
-44
-43
-43
-42
-42
-42
-42
-42
-41
-41
-41
-41
-41
-40
-40
-40
-40
-39
-39
-39
-39
-39
-39
-38
-38
-38
-38
-38
-38
-37
-37
-37
-37
-37
-37
-37
-36
-36
-36
-36
-36
-36
-36
-36
-35
-35
-34
-34
-34
-34
-33
-33
-33
-33
-32
-32
-30
-30
-30
-30
-30
-30
-30
-29
-29
-29
-29
-29
-29
-29
-29
-28
-28
-27
-27
-27
-27
-27
-26
-26
-26
-26
-25
-25
-25
-25
-25
-24
-24
-24
-24
-24
-24
-23
-23
-23
-23
-23
-23
-22
-22
-22
-22
-22
-22
-22
-21
-21
-21
-21
-21
-21
-21
-20
-20
-20
-20
-19
-19
-19
-19
-19
-19
-18
-18
-18
-18
-18
-18
-18
-18
-17
-17
-16
-16
-16
-16
-16
-16
-16
-15
-15
-15
-14
-14
-13
-13
-13
-13
-13
-13
-13
-13
-13
-13
-12
-12
-12
-12
-11
-11
-11
-11
-11
-11
-10
-10
-10
-10
-10
-10
-10
-9
-9
-9
-9
-9
-9
-8
-8
-8
-8
-7
-7
-7
-7
-7
-7
-6
-6
-6
-6
-6
-6
-5
-5
-5
-4
-4
-4
-4
-3
-3
-3
-2
-2
-2
-2
-2
-2
-2
-1
-1
-1
-1
-1
0
0
0
0
0
0
1
1
1
1
1
2
2
2
3
3
3
3
3
3
4
4
4
4
4
4
5
5
5
5
6
6
7
7
7
7
7
7
7
7
8
8
8
8
8
8
8
10
10
10
10
11
11
11
12
12
12
12
12
13
13
13
13
13
13
14
14
14
14
14
14
14
14
15
15
15
15
15
16
16
16
17
17
17
18
18
18
18
18
19
19
19
19
19
19
19
19
20
20
20
20
20
20
20
20
20
20
20
21
21
21
22
22
22
22
22
22
22
23
23
23
23
23
24
24
24
24
24
25
25
25
25
25
25
25
25
26
26
26
26
26
27
27
27
27
28
28
28
28
28
28
29
29
29
29
30
30
30
31
32
32
32
32
33
33
33
33
33
34
34
34
34
34
35
35
35
35
36
36
36
36
36
36
36
37
37
37
38
38
39
39
39
40
40
40
41
41
41
41
42
42
42
42
42
42
42
43
43
43
44
44
44
45
45
45
45
46
46
46
47
47
47
47
47
47
48
48
48
48
49
49
49
49
49
49
50
50
50
50
50
50
50
50
50
50
1000
620668097695
790786137634
705631970650
535885213327
961261064090
961386133167
693445838476
875788473861
876005952347
876495619220
608048629262
511040658555
511156235844
511294369687
596211915261
949479386767
754056205996
584307038495
937081761497
668677219988
668877186396
669054593286
669232769332
571457574294
572329929482
839146888819
839844999915
741916039873
657110993585
644804543475
644880440329
814939491217
645125946897
645311522398
645321645917
996960561484
997368858786
997638504539
729741276498
632683537229
632818890687
547220560131
717675971089
899736541999
620084812032
802634458684
535483720873
535515381846
535671833207
718113993171
621477791606
804294099819
804543906481
536174782156
536828939400
537204663144
888725307696
792210117069
876747989658
707224511402
962324190956
694432141412
525134854264
877415707386
779504046222
609568739806
609654621830
609703512516
780472761709
682062383484
512975245128
864401314568
597025439371
597464133517
949626259385
779857782926
779917480940
584938170822
767290974571
767395941155
598123974198
754984512480
742843367896
573551869079
925338170213
925797129536
926286612669
926376823532
658141340079
561162454311
743151752129
743339290097
913565929466
743592290402
828399989669
828412834218
913939903950
645898298771
646223828301
816247637890
646339532449
998607984995
998923820319
634188057232
816467848604
816551614781
986703866190
718773255797
550210090080
902795292922
902994295661
635745136663
623035416320
623210767041
975516550202
805818482188
537575695919
707780030391
963057743097
623400517647
793830094490
975844111306
975974933560
878224791397
708611855965
780627422180
611202207271
611320571142
695615904724
526347825720
781179064761
951487153911
513605586818
501969043569
684194076072
854385017418
854448092158
768537297081
756565962206
939223040614
842428981709
927355385962
562243950826
914832586325
745108827807
999717083011
902120120597
562679114571
733004533062
647543362851
549875071187
999969515482
903327234031
903359353934
733429817879
903832666671
648739283128
649093546725
721453000610
551458952608
721716743334
636012074031
636179197958
636347036823
636415003199
636511019560
988834405537
819352050385
989472175133
891698304433
891808658236
891983322239
892257832237
807139635056
539241372483
539470323693
793915942200
794637673128
794854302528
526447965993
977452743257
709466983148
709571091905
612128443190
696675935944
866976392941
952329070713
782664922314
515185368011
867735244661
770191602687
770701579055
770732032723
672437596135
855156577224
855445310937
587617026167
769928514360
672822503289
843001436803
673079970701
843181151016
588161042739
661255780165
575431546529
745544623879
745723269570
927923622695
928703560199
563595234507
564024245383
916134554279
648281639468
564428137485
734439061563
916919138571
747660768715
649389586954
649402206721
552201803900
904875942301
905072138326
819499020709
819712095899
819732726703
990176899965
990219398101
722270468771
552844180134
553129832919
637827118014
638076133341
710323483942
710518599620
540746680360
892741749531
625010973563
795265183883
808162085902
808443091162
613315223347
965502074489
795714050274
965767980666
795837799322
782964028675
783296381354
966068615781
770806850136
516353298826
686399015483
686424138136
686454177384
869149123164
941586842101
772000782495
503424990388
504493471889
942133870105
674069448525
759816577817
661700130395
746640404274
746939242952
929371280995
930895054662
663395908809
663577202238
747748862638
578532539066
748602652561
735598578917
918144352618
918309148375
821247369777
821412958928
651592913048
821788782372
553731247436
906345422755
906531827200
736727588155
736735104406
991777619206
723756543683
554238773317
724440221287
639068850141
809186236949
541772072414
541885416580
711947966719
541951092169
712044046685
894040188064
626270774703
796376396137
979108776250
809482972495
882573716992
614062208814
614630938458
614753615452
966946187944
796961257167
797060546107
528934016524
614972268961
516809127292
869382302469
954751266871
687890426916
590279101836
942596830952
942619328065
773151665102
675006433010
505159817511
589962930871
663932689474
663973926591
664547936774
834563368225
834661089785
566684213724
748950846720
822006797106
822216389569
822381035909
822716472950
907513639264
737560016117
907711011534
639798049856
809744758670
980604234710
712944189685
797661845975
700470176985
530713353043
883537806145
883563500021
615461646922
615507814517
615614710228
968027772528
968282579819
968488576262
603470219083
786479843086
871527695549
956344064322
858470379859
688891609093
591648886132
591790384636
943601605953
676027892344
506241917541
506446990127
506895408492
860423805339
860663521200
592275409902
762733298380
944840836500
945432254021
677798794890
580437212012
932751241548
665546279275
848119173595
678331670706
678363093952
750233316004
751168389701
933513236969
835514543436
665807186361
666183266780
568099703078
568102191757
653282693721
653521949283
653884101416
653922473679
568891781971
640909045407
993733532470
555733229425
909273128276
810946171758
641701697905
543507927917
994182392988
994385693391
726379222244
981659872984
896885038504
799208085846
629741119360
701489305706
531715053010
884852059615
786682683740
872819723878
787052393262
519462494219
507023912628
957475685246
507504447045
861284445669
775931848939
508186569971
508912614594
594375962572
679508087254
679531322871
581539506898
933896530614
934104419659
934445704790
764501868629
666816445344
849084725162
849618600231
921699647437
836741512371
837414380679
569169107975
654530396085
909418997427
739694619901
739924750415
569980004516
642292287558
642688771713
825321214073
995502237078
545503365196
897583049606
897706086888
629844237173
983245169230
983486807651
885264075437
885403868578
715745286308
898405743354
970623635673
533506619048
787937651308
788024165125
690909372777
873043077307
873511596082
873938811605
788578159842
788659981950
522276970006
874592263375
606711137279
776892963104
607136822057
789689581487
862248035041
594521394745
777163381008
863024370174
595233349721
595376645749
765421079347
595569811382
850298639018
850648016299
850840902416
850972500776
582361477850
765676316705
570202869478
838199825530
838339301098
838729973976
728980383925
545957901428
546870389236
546924421357
898637005420
899047480233
802164811516
716607748875
971624580385
971856484393
972593261730
704012542020
704627278199
887006093011
789306514716
619617532111
619870334190
